0 info it worked if it ends with ok
1 verbose cli [ '/usr/bin/nodejs', '/usr/bin/npm', 'run', 'start' ]
2 info using npm@3.5.2
3 info using node@v4.2.6
4 verbose run-script [ 'prestart', 'start', 'poststart' ]
5 info lifecycle ast_work@0.1.0~prestart: ast_work@0.1.0
6 silly lifecycle ast_work@0.1.0~prestart: no script for prestart, continuing
7 info lifecycle ast_work@0.1.0~start: ast_work@0.1.0
8 verbose lifecycle ast_work@0.1.0~start: unsafe-perm in lifecycle true
9 verbose lifecycle ast_work@0.1.0~start: PATH: /usr/share/npm/bin/node-gyp-bin:/mnt/c/Users/charl/Desktop/ast/01_NodeJS/node_modules/.bin:/usr/local/sbin:/usr/local/bin:/usr/sbin:/usr/bin:/sbin:/bin:/usr/games:/usr/local/games:/mnt/c/ProgramData/Oracle/Java/javapath_target_204009453:/mnt/c/Program Files (x86)/Intel/iCLS Client:/mnt/c/Program Files/Intel/iCLS Client:/mnt/c/Program Files (x86)/Intel/Intel(R) Management Engine Components/DAL:/mnt/c/Program Files/Intel/Intel(R) Management Engine Components/DAL:/mnt/c/Program Files (x86)/Intel/Intel(R) Management Engine Components/IPT:/mnt/c/Program Files/Intel/Intel(R) Management Engine Components/IPT:/mnt/c/wamp64/bin/php/php5.6.25:/mnt/c/ProgramData/ComposerSetup/bin:/mnt/c/Program Files (x86)/Windows Live/Shared:/mnt/c/Program Files/MiKTeX 2.9/miktex/bin/x64:/mnt/c/Program Files/Git/cmd:/mnt/c/Android:/mnt/c/Windows/System32:/mnt/c/wamp64/bin/php/php7.0.10:/mnt/c/Users/charl/AppData/Local/Microsoft/WindowsApps:/mnt/c/Users/charl/AppData/Local/Android/sdk/platform-tools:/mnt/c/Users/charl/AppData/Roaming/nvm:/mnt/c/Users/charl/AppData/Roaming/nvm/v8.9.1:/mnt/c/Users/charl/AppData/Local/atom/bin
10 verbose lifecycle ast_work@0.1.0~start: CWD: /mnt/c/Users/charl/Desktop/ast/01_NodeJS
11 silly lifecycle ast_work@0.1.0~start: Args: [ '-c', 'bash bin/start.sh' ]
12 silly lifecycle ast_work@0.1.0~start: Returned: code: 1  signal: null
13 info lifecycle ast_work@0.1.0~start: Failed to exec start script
14 verbose stack Error: ast_work@0.1.0 start: `bash bin/start.sh`
14 verbose stack Exit status 1
14 verbose stack     at EventEmitter.<anonymous> (/usr/share/npm/lib/utils/lifecycle.js:232:16)
14 verbose stack     at emitTwo (events.js:87:13)
14 verbose stack     at EventEmitter.emit (events.js:172:7)
14 verbose stack     at ChildProcess.<anonymous> (/usr/share/npm/lib/utils/spawn.js:24:14)
14 verbose stack     at emitTwo (events.js:87:13)
14 verbose stack     at ChildProcess.emit (events.js:172:7)
14 verbose stack     at maybeClose (internal/child_process.js:821:16)
14 verbose stack     at Process.ChildProcess._handle.onexit (internal/child_process.js:211:5)
15 verbose pkgid ast_work@0.1.0
16 verbose cwd /mnt/c/Users/charl/Desktop/ast/01_NodeJS
17 error Linux 4.4.0-43-Microsoft
18 error argv "/usr/bin/nodejs" "/usr/bin/npm" "run" "start"
19 error node v4.2.6
20 error npm  v3.5.2
21 error code ELIFECYCLE
22 error ast_work@0.1.0 start: `bash bin/start.sh`
22 error Exit status 1
23 error Failed at the ast_work@0.1.0 start script 'bash bin/start.sh'.
23 error Make sure you have the latest version of node.js and npm installed.
23 error If you do, this is most likely a problem with the ast_work package,
23 error not with npm itself.
23 error Tell the author that this fails on your system:
23 error     bash bin/start.sh
23 error You can get information on how to open an issue for this project with:
23 error     npm bugs ast_work
23 error Or if that isn't available, you can get their info via:
23 error     npm owner ls ast_work
23 error There is likely additional logging output above.
24 verbose exit [ 1, true ]
